#
# A fatal error has been detected by the Java Runtime Environment:
#
#  Internal Error (javaClasses.cpp:129), pid=5256, tid=5280
#  fatal error: Invalid layout of preloaded class
#
# JRE version: 7.0_25-b17
# Java VM: Java HotSpot(TM) 64-Bit Server VM (23.25-b01 mixed mode windows-amd64 compressed oops)
# Failed to write core dump. Minidumps are not enabled by default on client versions of Windows
#
# If you would like to submit a bug report, please visit:
#   http://bugreport.sun.com/bugreport/crash.jsp
#

---------------  T H R E A D  ---------------

Current thread (0x0000000001efe000):  JavaThread "Unknown thread" [_thread_in_vm, id=5280, stack(0x0000000001f00000,0x0000000002000000)]

Stack: [0x0000000001f00000,0x0000000002000000]

---------------  P R O C E S S  ---------------

Java Threads: ( => current thread )

Other Threads:

=>0x0000000001efe000 (exited) JavaThread "Unknown thread" [_thread_in_vm, id=5280, stack(0x0000000001f00000,0x0000000002000000)]

VM state:not at safepoint (not fully initialized)

VM Mutex/Monitor currently owned by a thread: None

GC Heap History (0 events):
No events

Deoptimization events (0 events):
No events

Internal exceptions (0 events):
No events

Events (10 events):
Event: 0.010 loading class 0x0000000002053b40 done
Event: 0.010 loading class 0x00000000020146f0 done
Event: 0.010 loading class 0x0000000002014000
Event: 0.010 loading class 0x000000000b352f60
Event: 0.010 loading class 0x000000000b352f60 done
Event: 0.010 loading class 0x000000000b352520
Event: 0.010 loading class 0x000000000b352520 done
Event: 0.010 loading class 0x00000000020c1560
Event: 0.010 loading class 0x00000000020c1560 done
Event: 0.010 loading class 0x0000000002014000 done


Dynamic libraries:
0x000007f76c550000 - 0x000007f76c583000 	C:\Program Files\Java\jre7\bin\javaw.exe
0x000007f810b40000 - 0x000007f810d00000 	C:\Windows\SYSTEM32\ntdll.dll
0x0000000064630000 - 0x000000006467d000 	C:\Program Files\AVAST Software\Avast\snxhk64.dll
0x000007f80e090000 - 0x000007f80e1c6000 	C:\Windows\system32\KERNEL32.dll
0x000007f80de40000 - 0x000007f80df33000 	C:\Windows\system32\KERNELBASE.dll
0x000007f80f470000 - 0x000007f80f54e000 	C:\Windows\system32\ADVAPI32.dll
0x000007f80df40000 - 0x000007f80e08c000 	C:\Windows\system32\USER32.dll
0x000007f80b320000 - 0x000007f80b58a000 	C:\Windows\WinSxS\amd64_microsoft.windows.common-controls_6595b64144ccf1df_6.0.9200.16579_none_418ab7ef718b27ef\COMCTL32.dll
0x000007f80e230000 - 0x000007f80e2d5000 	C:\Windows\system32\msvcrt.dll
0x000007f80e1d0000 - 0x000007f80e218000 	C:\Windows\SYSTEM32\sechost.dll
0x000007f80ee80000 - 0x000007f80efc0000 	C:\Windows\system32\RPCRT4.dll
0x000007f8109f0000 - 0x000007f810b31000 	C:\Windows\system32\GDI32.dll
0x000007f8109b0000 - 0x000007f8109e9000 	C:\Windows\system32\IMM32.DLL
0x000007f810890000 - 0x000007f8109a5000 	C:\Windows\system32\MSCTF.dll
0x00000000641c0000 - 0x0000000064291000 	C:\Program Files\Java\jre7\bin\msvcr100.dll
0x0000000063ab0000 - 0x00000000641bf000 	C:\Program Files\Java\jre7\bin\server\jvm.dll
0x000007f800f90000 - 0x000007f800f99000 	C:\Windows\SYSTEM32\WSOCK32.dll
0x000007f80ac30000 - 0x000007f80ac50000 	C:\Windows\SYSTEM32\WINMM.dll
0x000007f80e820000 - 0x000007f80e827000 	C:\Windows\system32\PSAPI.DLL
0x000007f80e830000 - 0x000007f80e888000 	C:\Windows\system32\WS2_32.dll
0x000007f80abf0000 - 0x000007f80ac22000 	C:\Windows\SYSTEM32\WINMMBASE.dll
0x000007f80e5e0000 - 0x000007f80e5e9000 	C:\Windows\system32\NSI.dll
0x0000000063aa0000 - 0x0000000063aaf000 	C:\Program Files\Java\jre7\bin\verify.dll
0x0000000063a70000 - 0x0000000063a98000 	C:\Program Files\Java\jre7\bin\java.dll
0x0000000063a50000 - 0x0000000063a65000 	C:\Program Files\Java\jre7\bin\zip.dll

VM Arguments:
jvm_args: -Dfile.encoding=Cp1250 -Xbootclasspath:C:\Users\sacherus\Desktop\EclipseAndroid\sdk\platforms\android-17\android.jar 
java_command: com.bizo_mobile.server.thread.ThreadServer
Launcher Type: SUN_STANDARD

Environment Variables:
JAVA_HOME=C:\Program Files\Java\jre7
PATH=C:\Users\sacherus\Documents\AMD APP\bin\x86_64;C:\Users\sacherus\Documents\AMD APP\bin\x86;C:\Python27\;C:\Python27\Scripts;C:\Program Files (x86)\AMD APP\bin\x86_64;C:\Program Files (x86)\AMD APP\bin\x86;C:\Windows\system32;C:\Windows;C:\Windows\System32\Wbem;C:\Windows\System32\WindowsPowerShell\v1.0\;C:\Program Files (x86)\ATI Technologies\ATI.ACE\Core-Static;C:\Program Files (x86)\Intel\OpenCL SDK\2.0\bin\x86;C:\Program Files (x86)\Intel\OpenCL SDK\2.0\bin\x64;C:\VXIPNP\WinNT\Bin;C:\Program Files (x86)\leJOS NXJ\bin;C:\Program Files (x86)\Intel\OpenCL SDK\2.0\bin\x86;C:\Program Files (x86)\Intel\OpenCL SDK\2.0\bin\x64;C:\Program Files (x86)\Microsoft Office\Office12;C:\Program Files (x86)\Git\cmd;C:\Program Files (x86)\Git\bin;C:\Program Files (x86)\sbt\;C:\Users\sacherus\AppData\Roaming\Python\Scripts;C:\Program Files\Java\jre7\bin;C:\Program Files\maven\bin;C:\Program Files\Oracle\VirtualBox
USERNAME=sacherus
OS=Windows_NT
PROCESSOR_IDENTIFIER=Intel64 Family 6 Model 42 Stepping 7, GenuineIntel



---------------  S Y S T E M  ---------------

OS: Windows 8 , 64 bit Build 9200 

CPU:total 8 (4 cores per cpu, 2 threads per core) family 6 model 42 stepping 7, cmov, cx8, fxsr, mmx, sse, sse2, sse3, ssse3, sse4.1, sse4.2, popcnt, avx, ht, tsc, tscinvbit

Memory: 4k page, physical 8321388k(6607108k free), swap 12577132k(10485512k free)

vm_info: Java HotSpot(TM) 64-Bit Server VM (23.25-b01) for windows-amd64 JRE (1.7.0_25-b17), built on Jun 21 2013 12:58:32 by "java_re" with unknown MS VC++:1600

time: Sun Jul 28 21:59:43 2013
elapsed time: 0 seconds

