#
# A fatal error has been detected by the Java Runtime Environment:
#
#  Internal Error (javaClasses.cpp:129), pid=2008, tid=4372
#  fatal error: Invalid layout of preloaded class
#
# JRE version: 7.0_25-b17
# Java VM: Java HotSpot(TM) 64-Bit Server VM (23.25-b01 mixed mode windows-amd64 compressed oops)
# Failed to write core dump. Minidumps are not enabled by default on client versions of Windows
#
# If you would like to submit a bug report, please visit:
#   http://bugreport.sun.com/bugreport/crash.jsp
#

---------------  T H R E A D  ---------------

Current thread (0x0000000002e3e000):  JavaThread "Unknown thread" [_thread_in_vm, id=4372, stack(0x0000000002c50000,0x0000000002d50000)]

Stack: [0x0000000002c50000,0x0000000002d50000]

---------------  P R O C E S S  ---------------

Java Threads: ( => current thread )

Other Threads:

=>0x0000000002e3e000 (exited) JavaThread "Unknown thread" [_thread_in_vm, id=4372, stack(0x0000000002c50000,0x0000000002d50000)]

VM state:not at safepoint (not fully initialized)

VM Mutex/Monitor currently owned by a thread: None

GC Heap History (0 events):
No events

Deoptimization events (0 events):
No events

Internal exceptions (0 events):
No events

Events (10 events):
Event: 0.019 loading class 0x0000000002e92190 done
Event: 0.019 loading class 0x0000000002e52220 done
Event: 0.019 loading class 0x0000000002e521f0
Event: 0.019 loading class 0x000000000c102310
Event: 0.019 loading class 0x000000000c102310 done
Event: 0.019 loading class 0x000000000c102090
Event: 0.019 loading class 0x000000000c102090 done
Event: 0.019 loading class 0x000000000c100e10
Event: 0.019 loading class 0x000000000c100e10 done
Event: 0.019 loading class 0x0000000002e521f0 done


Dynamic libraries:
0x000007f601d50000 - 0x000007f601d83000 	C:\Program Files\Java\jre7\bin\javaw.exe
0x000007f97b060000 - 0x000007f97b220000 	C:\Windows\SYSTEM32\ntdll.dll
0x0000000077320000 - 0x000000007736d000 	C:\Program Files\AVAST Software\Avast\snxhk64.dll
0x000007f9789a0000 - 0x000007f978ad6000 	C:\Windows\system32\KERNEL32.dll
0x000007f9782b0000 - 0x000007f9783a3000 	C:\Windows\system32\KERNELBASE.dll
0x000007f9786d0000 - 0x000007f9787ae000 	C:\Windows\system32\ADVAPI32.dll
0x000007f979130000 - 0x000007f97927c000 	C:\Windows\system32\USER32.dll
0x000007f9759c0000 - 0x000007f975c2a000 	C:\Windows\WinSxS\amd64_microsoft.windows.common-controls_6595b64144ccf1df_6.0.9200.16579_none_418ab7ef718b27ef\COMCTL32.dll
0x000007f978e10000 - 0x000007f978eb5000 	C:\Windows\system32\msvcrt.dll
0x000007f9790e0000 - 0x000007f979128000 	C:\Windows\SYSTEM32\sechost.dll
0x000007f978590000 - 0x000007f9786d0000 	C:\Windows\system32\RPCRT4.dll
0x000007f978f90000 - 0x000007f9790d1000 	C:\Windows\system32\GDI32.dll
0x000007f97aba0000 - 0x000007f97abd9000 	C:\Windows\system32\IMM32.DLL
0x000007f978470000 - 0x000007f978585000 	C:\Windows\system32\MSCTF.dll
0x0000000076c20000 - 0x0000000076cf1000 	C:\Program Files\Java\jre7\bin\msvcr100.dll
0x0000000076390000 - 0x0000000076a9f000 	C:\Program Files\Java\jre7\bin\server\jvm.dll
0x000007f96d1c0000 - 0x000007f96d1c9000 	C:\Windows\SYSTEM32\WSOCK32.dll
0x000007f96fc30000 - 0x000007f96fc50000 	C:\Windows\SYSTEM32\WINMM.dll
0x000007f978990000 - 0x000007f978997000 	C:\Windows\system32\PSAPI.DLL
0x000007f978f30000 - 0x000007f978f88000 	C:\Windows\system32\WS2_32.dll
0x000007f96fbf0000 - 0x000007f96fc22000 	C:\Windows\SYSTEM32\WINMMBASE.dll
0x000007f978460000 - 0x000007f978469000 	C:\Windows\system32\NSI.dll
0x0000000076e70000 - 0x0000000076e7f000 	C:\Program Files\Java\jre7\bin\verify.dll
0x0000000076e40000 - 0x0000000076e68000 	C:\Program Files\Java\jre7\bin\java.dll
0x0000000076e20000 - 0x0000000076e35000 	C:\Program Files\Java\jre7\bin\zip.dll

VM Arguments:
jvm_args: -Dfile.encoding=Cp1250 -Xbootclasspath:C:\Users\sacherus\Desktop\EclipseAndroid\sdk\platforms\android-17\android.jar 
java_command: com.bizo_mobile.ip_camera.Server
Launcher Type: SUN_STANDARD

Environment Variables:
JAVA_HOME=C:\Program Files\Java\jre7
PATH=C:\Users\sacherus\Documents\AMD APP\bin\x86_64;C:\Users\sacherus\Documents\AMD APP\bin\x86;C:\Python27\;C:\Python27\Scripts;C:\Program Files (x86)\AMD APP\bin\x86_64;C:\Program Files (x86)\AMD APP\bin\x86;C:\Windows\system32;C:\Windows;C:\Windows\System32\Wbem;C:\Windows\System32\WindowsPowerShell\v1.0\;C:\Program Files (x86)\ATI Technologies\ATI.ACE\Core-Static;C:\Program Files (x86)\Intel\OpenCL SDK\2.0\bin\x86;C:\Program Files (x86)\Intel\OpenCL SDK\2.0\bin\x64;C:\VXIPNP\WinNT\Bin;C:\Program Files (x86)\leJOS NXJ\bin;C:\Program Files (x86)\Intel\OpenCL SDK\2.0\bin\x86;C:\Program Files (x86)\Intel\OpenCL SDK\2.0\bin\x64;C:\Program Files (x86)\Microsoft Office\Office12;C:\Program Files (x86)\Git\cmd;C:\Program Files (x86)\Git\bin;0X0.000000P-1022PPDATA\Python\Scripts;C:\Program Files\Java\jre7\bin;C:\Program Files\maven\bin;C:\Program Files\Oracle\VirtualBox
USERNAME=sacherus
OS=Windows_NT
PROCESSOR_IDENTIFIER=Intel64 Family 6 Model 42 Stepping 7, GenuineIntel



---------------  S Y S T E M  ---------------

OS: Windows 8 , 64 bit Build 9200 

CPU:total 8 (4 cores per cpu, 2 threads per core) family 6 model 42 stepping 7, cmov, cx8, fxsr, mmx, sse, sse2, sse3, ssse3, sse4.1, sse4.2, popcnt, avx, ht, tsc, tscinvbit

Memory: 4k page, physical 8321388k(4372536k free), swap 12577132k(7899264k free)

vm_info: Java HotSpot(TM) 64-Bit Server VM (23.25-b01) for windows-amd64 JRE (1.7.0_25-b17), built on Jun 21 2013 12:58:32 by "java_re" with unknown MS VC++:1600

time: Wed Jul 17 02:04:09 2013
elapsed time: 0 seconds

