#
# A fatal error has been detected by the Java Runtime Environment:
#
#  Internal Error (javaClasses.cpp:129), pid=5908, tid=5940
#  fatal error: Invalid layout of preloaded class
#
# JRE version: 7.0_25-b17
# Java VM: Java HotSpot(TM) 64-Bit Server VM (23.25-b01 mixed mode windows-amd64 compressed oops)
# Failed to write core dump. Minidumps are not enabled by default on client versions of Windows
#
# If you would like to submit a bug report, please visit:
#   http://bugreport.sun.com/bugreport/crash.jsp
#

---------------  T H R E A D  ---------------

Current thread (0x0000000002b8e000):  JavaThread "Unknown thread" [_thread_in_vm, id=5940, stack(0x0000000002a60000,0x0000000002b60000)]

Stack: [0x0000000002a60000,0x0000000002b60000]

---------------  P R O C E S S  ---------------

Java Threads: ( => current thread )

Other Threads:

=>0x0000000002b8e000 (exited) JavaThread "Unknown thread" [_thread_in_vm, id=5940, stack(0x0000000002a60000,0x0000000002b60000)]

VM state:not at safepoint (not fully initialized)

VM Mutex/Monitor currently owned by a thread: None

GC Heap History (0 events):
No events

Deoptimization events (0 events):
No events

Internal exceptions (0 events):
No events

Events (10 events):
Event: 0.015 loading class 0x0000000002be1e40 done
Event: 0.015 loading class 0x0000000002ba42a0 done
Event: 0.015 loading class 0x0000000002ba41e0
Event: 0.016 loading class 0x000000000bee2610
Event: 0.016 loading class 0x000000000bee2610 done
Event: 0.016 loading class 0x000000000bee1d10
Event: 0.016 loading class 0x000000000bee1d10 done
Event: 0.016 loading class 0x000000000bee0d80
Event: 0.016 loading class 0x000000000bee0d80 done
Event: 0.016 loading class 0x0000000002ba41e0 done


Dynamic libraries:
0x000007f7c3b50000 - 0x000007f7c3b83000 	C:\Program Files\Java\jre7\bin\javaw.exe
0x000007fd1da40000 - 0x000007fd1dc00000 	C:\Windows\SYSTEM32\ntdll.dll
0x0000000063fe0000 - 0x000000006402d000 	C:\Program Files\AVAST Software\Avast\snxhk64.dll
0x000007fd1d8f0000 - 0x000007fd1da26000 	C:\Windows\system32\KERNEL32.dll
0x000007fd1aad0000 - 0x000007fd1abc3000 	C:\Windows\system32\KERNELBASE.dll
0x000007fd1afd0000 - 0x000007fd1b0ae000 	C:\Windows\system32\ADVAPI32.dll
0x000007fd1c160000 - 0x000007fd1c2ac000 	C:\Windows\system32\USER32.dll
0x000007fd18270000 - 0x000007fd184da000 	C:\Windows\WinSxS\amd64_microsoft.windows.common-controls_6595b64144ccf1df_6.0.9200.16579_none_418ab7ef718b27ef\COMCTL32.dll
0x000007fd1b520000 - 0x000007fd1b5c5000 	C:\Windows\system32\msvcrt.dll
0x000007fd1c5b0000 - 0x000007fd1c5f8000 	C:\Windows\SYSTEM32\sechost.dll
0x000007fd1b3e0000 - 0x000007fd1b520000 	C:\Windows\system32\RPCRT4.dll
0x000007fd1b0b0000 - 0x000007fd1b1f1000 	C:\Windows\system32\GDI32.dll
0x000007fd1c2b0000 - 0x000007fd1c2e9000 	C:\Windows\system32\IMM32.DLL
0x000007fd1b5d0000 - 0x000007fd1b6e5000 	C:\Windows\system32\MSCTF.dll
0x00000000638d0000 - 0x00000000639a1000 	C:\Program Files\Java\jre7\bin\msvcr100.dll
0x00000000631c0000 - 0x00000000638cf000 	C:\Program Files\Java\jre7\bin\server\jvm.dll
0x000007fd0c1d0000 - 0x000007fd0c1d9000 	C:\Windows\SYSTEM32\WSOCK32.dll
0x000007fd16d80000 - 0x000007fd16da0000 	C:\Windows\SYSTEM32\WINMM.dll
0x000007fd1c5a0000 - 0x000007fd1c5a7000 	C:\Windows\system32\PSAPI.DLL
0x000007fd1c4a0000 - 0x000007fd1c4f8000 	C:\Windows\system32\WS2_32.dll
0x000007fd16d40000 - 0x000007fd16d72000 	C:\Windows\SYSTEM32\WINMMBASE.dll
0x000007fd1d8e0000 - 0x000007fd1d8e9000 	C:\Windows\system32\NSI.dll
0x00000000631b0000 - 0x00000000631bf000 	C:\Program Files\Java\jre7\bin\verify.dll
0x0000000063180000 - 0x00000000631a8000 	C:\Program Files\Java\jre7\bin\java.dll
0x0000000063160000 - 0x0000000063175000 	C:\Program Files\Java\jre7\bin\zip.dll

VM Arguments:
jvm_args: -Dfile.encoding=Cp1250 -Xbootclasspath:C:\Users\sacherus\Desktop\EclipseAndroid\sdk\platforms\android-17\android.jar 
java_command: com.bizo_mobile.server.thread.ThreadServer
Launcher Type: SUN_STANDARD

Environment Variables:
JAVA_HOME=C:\Program Files\Java\jre7
PATH=C:\Users\sacherus\Documents\AMD APP\bin\x86_64;C:\Users\sacherus\Documents\AMD APP\bin\x86;C:\Python27\;C:\Python27\Scripts;C:\Program Files (x86)\AMD APP\bin\x86_64;C:\Program Files (x86)\AMD APP\bin\x86;C:\Windows\system32;C:\Windows;C:\Windows\System32\Wbem;C:\Windows\System32\WindowsPowerShell\v1.0\;C:\Program Files (x86)\ATI Technologies\ATI.ACE\Core-Static;C:\Program Files (x86)\Intel\OpenCL SDK\2.0\bin\x86;C:\Program Files (x86)\Intel\OpenCL SDK\2.0\bin\x64;C:\VXIPNP\WinNT\Bin;C:\Program Files (x86)\leJOS NXJ\bin;C:\Program Files (x86)\Intel\OpenCL SDK\2.0\bin\x86;C:\Program Files (x86)\Intel\OpenCL SDK\2.0\bin\x64;C:\Program Files (x86)\Microsoft Office\Office12;C:\Program Files (x86)\Git\cmd;C:\Program Files (x86)\Git\bin;C:\Program Files (x86)\sbt\;C:\Users\sacherus\AppData\Roaming\Python\Scripts;C:\Program Files\Java\jre7\bin;C:\Program Files\maven\bin;C:\Program Files\Oracle\VirtualBox
USERNAME=sacherus
OS=Windows_NT
PROCESSOR_IDENTIFIER=Intel64 Family 6 Model 42 Stepping 7, GenuineIntel



---------------  S Y S T E M  ---------------

OS: Windows 8 , 64 bit Build 9200 

CPU:total 8 (4 cores per cpu, 2 threads per core) family 6 model 42 stepping 7, cmov, cx8, fxsr, mmx, sse, sse2, sse3, ssse3, sse4.1, sse4.2, popcnt, avx, ht, tsc, tscinvbit

Memory: 4k page, physical 8321388k(6477020k free), swap 12577132k(10399144k free)

vm_info: Java HotSpot(TM) 64-Bit Server VM (23.25-b01) for windows-amd64 JRE (1.7.0_25-b17), built on Jun 21 2013 12:58:32 by "java_re" with unknown MS VC++:1600

time: Sun Jul 28 14:00:29 2013
elapsed time: 0 seconds

